     1                                  bits 32 
     2                                  
     3                                  global start        
     4                                  
     5                                  extern exit, fopen, fprintf, fclose, fread,printf
     6                                  import exit msvcrt.dll  
     7                                  import fopen msvcrt.dll  
     8                                  import fprintf msvcrt.dll
     9                                  import fclose msvcrt.dll
    10                                  import fread msvcrt.dll 
    11                                  import printf msvcrt.dll
    12                                  
    13                                  segment data use32 class=data
    14 00000000 00<rept>                	d times 100 db 0 
    15 00000064 63762E74787400              nume_fisier db "cv.txt", 0  
    16 0000006B 7200                        mod_acces db "r", 0                                               
    17 0000006D 00000000                    cont dd 0
    18                                     ; k2 dd 0
    19                                     ; k3 dd 0 
    20 00000071 00000000                    fw dd 0
    21 00000075 00000000                    ok dd 0
    22 00000079 00<rept>                    ddd times 199 db 0
    23 00000140 00000000                    prop dd 0
    24 00000144 FFFFFFFF                    descriptor_fis dd -1         
    25 00000148 25630000                    format dw "%c",0
    26                                      len equ 1000                    
    27 0000014C <res 000003E8>              buffer resb len 
    28 00000534 50726F706F7A697469-         format2 dw "Propozitia %d:",0
    28 0000053D 612025643A0000     
    29 00000544 4E7220637576696E74-         format1 dw "Nr cuvinte:%d Primul cuvant are litere %d",0
    29 0000054D 653A2564205072696D-
    29 00000556 756C20637576616E74-
    29 0000055F 20617265206C697465-
    29 00000568 7265202564000000   
    30 00000570 25730000                    format4 dw "%s",0
    31 00000574 416E6100                    sss dw 'Ana'
    32 00000578 0300                        s dw 3
    33 0000057A 0A000000                    nl dw 0Ah,0
    34                                  segment code use32 class=code
    35                                      start:
    36 00000000 68[6B000000]                  push dword mod_acces
    37 00000005 68[64000000]                  push dword nume_fisier
    38 0000000A FF15[00000000]               call [fopen]
    39 00000010 83C408                       add esp, 4*2;
    40 00000013 83F800                       cmp eax, 0                  
    41 00000016 0F8453010000                 je final
    42 0000001C B900000000                   mov ECX,0
    43 00000021 A3[44010000]                 mov [descriptor_fis], eax 
    44 00000026 FF05[40010000]               inc dword [prop]
    45 0000002C FF35[40010000]               push dword[prop]
    46 00000032 68[34050000]                push dword format2
    47 00000037 FF15[00000000]                call [printf]
    48 0000003D 83C408                        add esp, 4 * 2 
    49 00000040 B964000000                      mov ECX,100
    50                                          bucla:
    51                                              
    52 00000045 49                                  DEC ECX
    53 00000046 FF35[44010000]                      push dword [descriptor_fis]
    54 0000004C 6A01                                push dword 1
    55 0000004E 6A01                                push dword 1
    56 00000050 68[4C010000]                        push dword buffer
    57 00000055 FF15[00000000]                      call [fread]
    58 0000005B 83C410                              add esp, 4*4
    59 0000005E 83F800                              cmp eax, 0
    60 00000061 0F8402010000                        je cleanup
    61 00000067 833D[4C010000]20                    cmp dword[buffer],' '
    62 0000006E 750C                                jne icr
    63 00000070 FF05[6D000000]                      inc dword [cont]
    64 00000076 FF05[75000000]                      inc dword[ok]
    65                                              icr:
    66 0000007C 833D[75000000]00                    cmp dword[ok],0
    67 00000083 7506                                jne ffs
    68                                              ;mov dword[ddd+icr],dword[buffer]
    69 00000085 FF05[71000000]                      inc dword[fw]
    70                                              ffs:
    71 0000008B 833D[4C010000]2E                    cmp dword[buffer],'.'
    72 00000092 7419                                je println
    73 00000094 FF35[4C010000]                      push dword[buffer]
    74 0000009A 68[48010000]                        push dword format
    75 0000009F FF15[00000000]                      call [printf]
    76 000000A5 83C408                              add esp, 4 * 2
    77 000000A8 E9B6000000                          jmp f
    78                                               println:
    79 000000AD FF05[6D000000]                      inc dword [cont]
    80 000000B3 FF35[4C010000]                      push dword[buffer]
    81 000000B9 68[48010000]                       push dword format
    82 000000BE FF15[00000000]                      call [printf]
    83 000000C4 83C408                              add esp, 4 * 2
    84 000000C7 FF35[71000000]                      push dword[fw]
    85 000000CD FF35[6D000000]                      push dword [cont]
    86 000000D3 68[44050000]                       push dword format1
    87 000000D8 FF15[00000000]                      call [printf]
    88 000000DE 83C40C                               add esp, 4 * 3
    89 000000E1 8325[6D000000]00                    AND dword[cont],0
    90 000000E8 68[7A050000]                       push nl
    91 000000ED FF15[00000000]                      call [printf]
    92 000000F3 8325[75000000]00                      AND dword[ok],0
    93                                                
    94                                                
    95 000000FA B9[78050000]                          mov ecx, s
    96 000000FF BB[74050000]                        mov EBX, sss
    97 00000104 89DE                                mov esi, EBX  
    98 00000106 01C8                                add eax, ecx
    99 00000108 89DF                                mov edi, EBX
   100 0000010A 4F                                  dec edi       
   101 0000010B D1E9                                shr ecx, 1    
   102                                              reverseLoop:
   103 0000010D 8A06                                mov al, [esi] 
   104 0000010F 8A1F                            mov bl, [edi]
   105 00000111 881E                            mov [esi], bl 
   106 00000113 8807                            mov [edi], al
   107 00000115 46                              inc esi       
   108 00000116 4F                              dec edi
   109 00000117 49                              dec ecx       
   110 00000118 75F3                            jnz reverseLoop
   111 0000011A 890D[74050000]                  mov [sss],ECX
   112 00000120 FF35[74050000]                    push dword[sss] 
   113 00000126 68[70050000]                       push format4 
   114 0000012B FF15[00000000]                      call [printf]
   115 00000131 83C408                              add esp, 4 * 2
   116                                  
   117 00000134 8325[71000000]00                  AND dword[fw],0
   118 0000013B FF05[40010000]                       inc dword [prop]
   119 00000141 833D[40010000]02                    cmp dword[prop],2
   120 00000148 7F19                                jg f
   121 0000014A FF35[40010000]                      push dword[prop]
   122 00000150 68[34050000]                       push dword format2
   123 00000155 FF15[00000000]                      call [printf]
   124 0000015B 83C408                             add esp, 4*2
   125 0000015E B80A000000                         mov EAX,10
   126                                           
   127                                          f:
   128 00000163 0F85DCFEFFFF                    jnz bucla
   129                                              
   130                                  
   131                                      cleanup:
   132                                        
   133                                          ;push dword [descriptor_fis]
   134 00000169 FF15[00000000]                  call [fclose]
   135                                         ; add esp, 4
   136                                          ;push dword[k]
   137                                        ;  push dword format
   138                                        ;  call [printf]
   139                                         ; add esp, 4 * 2    
   140                                        final:
   141                                        
   142                                  
   143 0000016F 6A00                            push    dword 0      
   144 00000171 FF15[00000000]                  call    [exit]       
