     1                                  bits 32
     2                                  
     3                                  global start
     4                                  
     5                                  
     6                                  extern exit, fprintf, fopen, fread, fclose, scanf
     7                                  import exit msvcrt.dll
     8                                  import fopen msvcrt.dll
     9                                  import fread msvcrt.dll
    10                                  import fclose msvcrt.dll
    11                                  import fprintf msvcrt.dll
    12                                  import scanf msvcrt.dll
    13                                  
    14                                  
    15                                  segment data use32 class=data
    16 00000000 507232364C6162382E-         file_name db "Pr26Lab8.txt", 0   
    16 00000009 74787400           
    17 0000000D 6100                        access_mode db "a", 0                                  
    18 0000000F FFFFFFFF                    file_descriptor dd -1  
    19 00000013 257300                      format db "%s",0    
    20 00000016 00000000                    string dd 0
    21                                  ; our code starts here
    22                                  segment code use32 class=code
    23                                      start:
    24 00000000 68[0D000000]                 push dword access_mode     
    25 00000005 68[00000000]                 push dword file_name
    26 0000000A FF15[00000000]               call [fopen]
    27 00000010 83C408                       add esp, 4*2                ; clean-up the stack
    28 00000013 A3[0F000000]                 mov [file_descriptor], eax  ; store the file descriptor returned by fopen
    29 00000018 83F800                       cmp eax, 0 ; check if fopen() has successfully created the file (EAX != 0)
    30 0000001B 7456                         je final
    31 0000001D FC                           cld
    32                                       repeta:
    33                                         
    34 0000001E 68[16000000]                    push dword string
    35 00000023 68[13000000]                    push dword format
    36 00000028 FF15[00000000]                  call [scanf]
    37 0000002E 83C408                          add esp,4*2
    38 00000031 83F800                          cmp eax,0
    39 00000034 743D                            je final
    40 00000036 8D35[16000000]                  lea ESI,[string]
    41                                          nextchar:
    42 0000003C BB00000000                          mov EBX,0
    43 00000041 AC                                  lodsb
    44 00000042 3C24                                cmp AL,'$'
    45 00000044 742D                                je final
    46 00000046 3C00                                cmp AL,0
    47 00000048 7427                                je afterjmp
    48 0000004A 3C41                                cmp AL,'A'
    49 0000004C 7C05                                jl afterinc
    50 0000004E 3C5A                                cmp AL,'Z'
    51 00000050 7F01                                jg afterinc
    52 00000052 43                                  inc EBX
    53                                              afterinc:
    54 00000053 83FB01                              cmp EBX,1
    55 00000056 7516                                jne afterfile
    56 00000058 68[16000000]                        push dword string
    57 0000005D FF35[0F000000]                      push dword [file_descriptor]
    58 00000063 FF15[00000000]                      call [fprintf]
    59 00000069 83C408                              add esp, 4*2
    60 0000006C EBB0                                jmp repeta
    61                                              afterfile:
    62 0000006E 46                                  inc ESI
    63 0000006F EBCB                                jmp nextchar
    64                                              afterjmp:
    65 00000071 EBAB                                jmp repeta
    66                                              
    67                                      
    68                                      
    69                                      
    70                                      final:
    71 00000073 FF35[0F000000]                  push dword [file_descriptor]
    72 00000079 FF15[00000000]                  call [fclose]
    73 0000007F 83C404                          add esp, 4
    74 00000082 6A00                            push dword 0      
    75 00000084 FF15[00000000]                  call [exit]
